[12 dic 2016 22:27:32] Building database metadata model
[12 dic 2016 22:27:32] Properties: {partialRefresh=false, processColumnsUsingSelect=, includePrimaryKeys=true, eventSocketClient=com.webratio.commons.net.EventSocketClient@12adac5, includeTables=true, username=root, outputLogPath=C:\WebRatio\WebRatio Platform 7.2.14\workspace\CatenaNegoziStrumentiMusicali\.Temp~\DB.xml.log, readIndexes=null, driverClass=com.mysql.jdbc.Driver, includeSynonyms=true, metaDataProviderClass=com.webratio.commons.db.metadata.MySQLMetaDataProvider, outputPath=C:\WebRatio\WebRatio Platform 7.2.14\workspace\CatenaNegoziStrumentiMusicali\.Temp~\DB.xml, schemaRegex=null, readProcedures=null, includeViews=true, derby.system.home=C:\WebRatio\WebRatio Platform 7.2.14\workspace\.metadata\.plugins\com.webratio.commons.db\derby, url=jdbc:mysql://localhost/CatenaDB_MySql, tableRegex=null, readSQLDefinitions=true, includeForeignKeys=false, retrieveAllNames=false, tablesToRefresh=, eventSocketPort=61359}
[12 dic 2016 22:27:32] URL: jdbc:mysql://localhost/CatenaDB_MySql
[12 dic 2016 22:27:32] Product name: MySQL
[12 dic 2016 22:27:32] Product version: 5.5.5-10.1.10-MariaDB
[12 dic 2016 22:27:32] Driver name: MySQL Connector Java
[12 dic 2016 22:27:32] Driver version: mysql-connector-java-5.1.31 ( Revision: alexander.soklakov@oracle.com-20140520065950-groqzzbvxprqdmnz )
[12 dic 2016 22:27:32] Driver major version: 5
[12 dic 2016 22:27:32] Driver minor version: 1
[12 dic 2016 22:27:32] Identifier quote string: 1
[12 dic 2016 22:27:32] Retrieving schemas
[12 dic 2016 22:27:32] Retrieving [TABLE, VIEW, SYNONYM] for schema ''
[12 dic 2016 22:27:32]   Found 'acquisto' [type = TABLE]
[12 dic 2016 22:27:32]   Found 'acquisto_prodotto' [type = TABLE]
[12 dic 2016 22:27:32]   Found 'carta_di_credito' [type = TABLE]
[12 dic 2016 22:27:32]   Found 'catalogo' [type = TABLE]
[12 dic 2016 22:27:32]   Found 'catalogo_base' [type = TABLE]
[12 dic 2016 22:27:32]   Found 'catalogo_categoria_prodotto' [type = TABLE]
[12 dic 2016 22:27:32]   Found 'catalogo_prodotto' [type = TABLE]
[12 dic 2016 22:27:32]   Found 'catalogo_specifico' [type = TABLE]
[12 dic 2016 22:27:32]   Found 'categoria_prodotto' [type = TABLE]
[12 dic 2016 22:27:32]   Found 'categoriaprodottocatalogobase' [type = TABLE]
[12 dic 2016 22:27:32]   Found 'catena_negozi' [type = TABLE]
[12 dic 2016 22:27:32]   Found 'cliente' [type = TABLE]
[12 dic 2016 22:27:32]   Found 'evento' [type = TABLE]
[12 dic 2016 22:27:32]   Found 'evento_tipo_evento' [type = TABLE]
[12 dic 2016 22:27:32]   Found 'gestore_catena' [type = TABLE]
[12 dic 2016 22:27:32]   Found 'gestore_singolo_negozio' [type = TABLE]
[12 dic 2016 22:27:32]   Found 'group' [type = TABLE]
[12 dic 2016 22:27:32]   Found 'group_module' [type = TABLE]
[12 dic 2016 22:27:32]   Found 'indirizzo' [type = TABLE]
[12 dic 2016 22:27:32]   Found 'module' [type = TABLE]
[12 dic 2016 22:27:32]   Found 'negozio' [type = TABLE]
[12 dic 2016 22:27:32]   Found 'negozio_catalogo' [type = TABLE]
[12 dic 2016 22:27:32]   Found 'periodo' [type = TABLE]
[12 dic 2016 22:27:32]   Found 'prenotazione' [type = TABLE]
[12 dic 2016 22:27:32]   Found 'prenotazione_noleggio_prodotto' [type = TABLE]
[12 dic 2016 22:27:32]   Found 'prenotazione_prodotto' [type = TABLE]
[12 dic 2016 22:27:32]   Found 'prodotto' [type = TABLE]
[12 dic 2016 22:27:32]   Found 'produttore' [type = TABLE]
[12 dic 2016 22:27:32]   Found 'recensione' [type = TABLE]
[12 dic 2016 22:27:32]   Found 'sala_prove' [type = TABLE]
[12 dic 2016 22:27:32]   Found 'tipo_evento' [type = TABLE]
[12 dic 2016 22:27:32]   Found 'tipo_prodotto' [type = TABLE]
[12 dic 2016 22:27:32]   Found 'user_group' [type = TABLE]
[12 dic 2016 22:27:32]   Found 'utente_registrato' [type = TABLE]
[12 dic 2016 22:27:32]   Found 'valutazione_negozio' [type = TABLE]
[12 dic 2016 22:27:32]   Found 'valutazione_prodotto' [type = TABLE]
[12 dic 2016 22:27:32]   Found 'zona' [type = TABLE]
[12 dic 2016 22:27:32]   Found 'migliori_negozi_view' [type = VIEW]
[12 dic 2016 22:27:32]   Found 'migliori_prodotti_view' [type = VIEW]
[12 dic 2016 22:27:32]   Found 'negoziotorecensione_view' [type = VIEW]
[12 dic 2016 22:27:32]   Found 'prodottotorecensione_view' [type = VIEW]
[12 dic 2016 22:27:32]   Found 'utente_registrato_indirizzo_pr' [type = VIEW]
[12 dic 2016 22:27:32] Retrieving columns for 'acquisto' [type = TABLE]
[12 dic 2016 22:27:32]   Found column: oid [type = INT][SQL/XOPEN type = 4][size = 10][dec. digits = 0]
[12 dic 2016 22:27:32]   Found column: data_acquisto [type = DATETIME][SQL/XOPEN type = 93][size = 19][dec. digits = 0]
[12 dic 2016 22:27:32]   Found column: data_evasione [type = DATETIME][SQL/XOPEN type = 93][size = 19][dec. digits = 0]
[12 dic 2016 22:27:32]   Found column: negozio_oid [type = INT][SQL/XOPEN type = 4][size = 10][dec. digits = 0]
[12 dic 2016 22:27:32]   Found column: cliente_oid [type = INT][SQL/XOPEN type = 4][size = 10][dec. digits = 0]
[12 dic 2016 22:27:32] Retrieving primary keys for 'acquisto' [type = TABLE]
[12 dic 2016 22:27:32]   Found primary key column: oid
[12 dic 2016 22:27:32] Retrieving columns for 'acquisto_prodotto' [type = TABLE]
[12 dic 2016 22:27:32]   Found column: acquisto_oid [type = INT][SQL/XOPEN type = 4][size = 10][dec. digits = 0]
[12 dic 2016 22:27:32]   Found column: prodotto_oid [type = INT][SQL/XOPEN type = 4][size = 10][dec. digits = 0]
[12 dic 2016 22:27:32] Retrieving primary keys for 'acquisto_prodotto' [type = TABLE]
[12 dic 2016 22:27:32]   Found primary key column: acquisto_oid
[12 dic 2016 22:27:32]   Found primary key column: prodotto_oid
[12 dic 2016 22:27:32] Retrieving columns for 'carta_di_credito' [type = TABLE]
[12 dic 2016 22:27:32]   Found column: oid [type = INT][SQL/XOPEN type = 4][size = 10][dec. digits = 0]
[12 dic 2016 22:27:32]   Found column: numero [type = INT][SQL/XOPEN type = 4][size = 10][dec. digits = 0]
[12 dic 2016 22:27:32]   Found column: data_scadenza [type = DATE][SQL/XOPEN type = 91][size = 10][dec. digits = 0]
[12 dic 2016 22:27:32]   Found column: intestatario [type = VARCHAR][SQL/XOPEN type = 12][size = 255][dec. digits = 0]
[12 dic 2016 22:27:32]   Found column: cliente_oid [type = INT][SQL/XOPEN type = 4][size = 10][dec. digits = 0]
[12 dic 2016 22:27:32] Retrieving primary keys for 'carta_di_credito' [type = TABLE]
[12 dic 2016 22:27:32]   Found primary key column: oid
[12 dic 2016 22:27:32] Retrieving columns for 'catalogo' [type = TABLE]
[12 dic 2016 22:27:32]   Found column: oid [type = INT][SQL/XOPEN type = 4][size = 10][dec. digits = 0]
[12 dic 2016 22:27:32]   Found column: nome [type = VARCHAR][SQL/XOPEN type = 12][size = 255][dec. digits = 0]
[12 dic 2016 22:27:32]   Found column: anno_di_validita [type = INT][SQL/XOPEN type = 4][size = 10][dec. digits = 0]
[12 dic 2016 22:27:32] Retrieving primary keys for 'catalogo' [type = TABLE]
[12 dic 2016 22:27:32]   Found primary key column: oid
[12 dic 2016 22:27:32] Retrieving columns for 'catalogo_base' [type = TABLE]
[12 dic 2016 22:27:32]   Found column: catalogo_oid [type = INT][SQL/XOPEN type = 4][size = 10][dec. digits = 0]
[12 dic 2016 22:27:32]   Found column: gestore_catena_oid [type = INT][SQL/XOPEN type = 4][size = 10][dec. digits = 0]
[12 dic 2016 22:27:32]   Found column: catena_negozi_oid [type = INT][SQL/XOPEN type = 4][size = 10][dec. digits = 0]
[12 dic 2016 22:27:32] Retrieving primary keys for 'catalogo_base' [type = TABLE]
[12 dic 2016 22:27:32]   Found primary key column: catalogo_oid
[12 dic 2016 22:27:32] Retrieving columns for 'catalogo_categoria_prodotto' [type = TABLE]
[12 dic 2016 22:27:32]   Found column: catalogo_oid [type = INT][SQL/XOPEN type = 4][size = 10][dec. digits = 0]
[12 dic 2016 22:27:32]   Found column: categoria_prodotto_oid [type = INT][SQL/XOPEN type = 4][size = 10][dec. digits = 0]
[12 dic 2016 22:27:32] Retrieving primary keys for 'catalogo_categoria_prodotto' [type = TABLE]
[12 dic 2016 22:27:32]   Found primary key column: catalogo_oid
[12 dic 2016 22:27:32]   Found primary key column: categoria_prodotto_oid
[12 dic 2016 22:27:32] Retrieving columns for 'catalogo_prodotto' [type = TABLE]
[12 dic 2016 22:27:32]   Found column: catalogo_oid [type = INT][SQL/XOPEN type = 4][size = 10][dec. digits = 0]
[12 dic 2016 22:27:32]   Found column: prodotto_oid [type = INT][SQL/XOPEN type = 4][size = 10][dec. digits = 0]
[12 dic 2016 22:27:32] Retrieving primary keys for 'catalogo_prodotto' [type = TABLE]
[12 dic 2016 22:27:32]   Found primary key column: catalogo_oid
[12 dic 2016 22:27:32]   Found primary key column: prodotto_oid
[12 dic 2016 22:27:32] Retrieving columns for 'catalogo_specifico' [type = TABLE]
[12 dic 2016 22:27:32]   Found column: catalogo_oid [type = INT][SQL/XOPEN type = 4][size = 10][dec. digits = 0]
[12 dic 2016 22:27:32]   Found column: gestore_singolo_negozio_oid [type = INT][SQL/XOPEN type = 4][size = 10][dec. digits = 0]
[12 dic 2016 22:27:32]   Found column: negozio_oid [type = INT][SQL/XOPEN type = 4][size = 10][dec. digits = 0]
[12 dic 2016 22:27:32]   Found column: categoria_prodotto_oid [type = INT][SQL/XOPEN type = 4][size = 10][dec. digits = 0]
[12 dic 2016 22:27:32] Retrieving primary keys for 'catalogo_specifico' [type = TABLE]
[12 dic 2016 22:27:32]   Found primary key column: catalogo_oid
[12 dic 2016 22:27:32] Retrieving columns for 'categoria_prodotto' [type = TABLE]
[12 dic 2016 22:27:32]   Found column: oid [type = INT][SQL/XOPEN type = 4][size = 10][dec. digits = 0]
[12 dic 2016 22:27:32]   Found column: nome [type = VARCHAR][SQL/XOPEN type = 12][size = 255][dec. digits = 0]
[12 dic 2016 22:27:32] Retrieving primary keys for 'categoria_prodotto' [type = TABLE]
[12 dic 2016 22:27:32]   Found primary key column: oid
[12 dic 2016 22:27:32] Retrieving columns for 'categoriaprodottocatalogobase' [type = TABLE]
[12 dic 2016 22:27:32]   Found column: categoria_prodotto_oid [type = INT][SQL/XOPEN type = 4][size = 10][dec. digits = 0]
[12 dic 2016 22:27:32]   Found column: catalogo_base_oid [type = INT][SQL/XOPEN type = 4][size = 10][dec. digits = 0]
[12 dic 2016 22:27:32] Retrieving primary keys for 'categoriaprodottocatalogobase' [type = TABLE]
[12 dic 2016 22:27:32]   Found primary key column: categoria_prodotto_oid
[12 dic 2016 22:27:32]   Found primary key column: catalogo_base_oid
[12 dic 2016 22:27:32] Retrieving columns for 'catena_negozi' [type = TABLE]
[12 dic 2016 22:27:32]   Found column: oid [type = INT][SQL/XOPEN type = 4][size = 10][dec. digits = 0]
[12 dic 2016 22:27:32]   Found column: nome [type = VARCHAR][SQL/XOPEN type = 12][size = 255][dec. digits = 0]
[12 dic 2016 22:27:32]   Found column: numero_telefono [type = VARCHAR][SQL/XOPEN type = 12][size = 255][dec. digits = 0]
[12 dic 2016 22:27:32]   Found column: fax [type = VARCHAR][SQL/XOPEN type = 12][size = 255][dec. digits = 0]
[12 dic 2016 22:27:32]   Found column: email [type = VARCHAR][SQL/XOPEN type = 12][size = 255][dec. digits = 0]
[12 dic 2016 22:27:32] Retrieving primary keys for 'catena_negozi' [type = TABLE]
[12 dic 2016 22:27:32]   Found primary key column: oid
[12 dic 2016 22:27:32] Retrieving columns for 'cliente' [type = TABLE]
[12 dic 2016 22:27:32]   Found column: utente_registrato_oid [type = INT][SQL/XOPEN type = 4][size = 10][dec. digits = 0]
[12 dic 2016 22:27:32] Retrieving primary keys for 'cliente' [type = TABLE]
[12 dic 2016 22:27:32]   Found primary key column: utente_registrato_oid
[12 dic 2016 22:27:32] Retrieving columns for 'evento' [type = TABLE]
[12 dic 2016 22:27:32]   Found column: oid [type = INT][SQL/XOPEN type = 4][size = 10][dec. digits = 0]
[12 dic 2016 22:27:32]   Found column: data_inizio_evento [type = DATE][SQL/XOPEN type = 91][size = 10][dec. digits = 0]
[12 dic 2016 22:27:32]   Found column: nome_evento [type = VARCHAR][SQL/XOPEN type = 12][size = 255][dec. digits = 0]
[12 dic 2016 22:27:32]   Found column: data_fine_evento [type = DATE][SQL/XOPEN type = 91][size = 10][dec. digits = 0]
[12 dic 2016 22:27:32]   Found column: prezzo [type = DOUBLE][SQL/XOPEN type = 8][size = 22][dec. digits = 0]
[12 dic 2016 22:27:32]   Found column: posti_disponibili [type = INT][SQL/XOPEN type = 4][size = 10][dec. digits = 0]
[12 dic 2016 22:27:32]   Found column: negozio_oid [type = INT][SQL/XOPEN type = 4][size = 10][dec. digits = 0]
[12 dic 2016 22:27:32]   Found column: periodo_oid [type = INT][SQL/XOPEN type = 4][size = 10][dec. digits = 0]
[12 dic 2016 22:27:32]   Found column: gestore_singolo_negozio_oid [type = INT][SQL/XOPEN type = 4][size = 10][dec. digits = 0]
[12 dic 2016 22:27:32] Retrieving primary keys for 'evento' [type = TABLE]
[12 dic 2016 22:27:32]   Found primary key column: oid
[12 dic 2016 22:27:32] Retrieving columns for 'evento_tipo_evento' [type = TABLE]
[12 dic 2016 22:27:32]   Found column: evento_oid [type = INT][SQL/XOPEN type = 4][size = 10][dec. digits = 0]
[12 dic 2016 22:27:32]   Found column: tipo_evento_oid [type = INT][SQL/XOPEN type = 4][size = 10][dec. digits = 0]
[12 dic 2016 22:27:32] Retrieving primary keys for 'evento_tipo_evento' [type = TABLE]
[12 dic 2016 22:27:32]   Found primary key column: evento_oid
[12 dic 2016 22:27:32]   Found primary key column: tipo_evento_oid
[12 dic 2016 22:27:32] Retrieving columns for 'gestore_catena' [type = TABLE]
[12 dic 2016 22:27:32]   Found column: utente_registrato_oid [type = INT][SQL/XOPEN type = 4][size = 10][dec. digits = 0]
[12 dic 2016 22:27:32]   Found column: catena_negozi_oid [type = INT][SQL/XOPEN type = 4][size = 10][dec. digits = 0]
[12 dic 2016 22:27:32] Retrieving primary keys for 'gestore_catena' [type = TABLE]
[12 dic 2016 22:27:32]   Found primary key column: utente_registrato_oid
[12 dic 2016 22:27:32] Retrieving columns for 'gestore_singolo_negozio' [type = TABLE]
[12 dic 2016 22:27:32]   Found column: utente_registrato_oid [type = INT][SQL/XOPEN type = 4][size = 10][dec. digits = 0]
[12 dic 2016 22:27:32] Retrieving primary keys for 'gestore_singolo_negozio' [type = TABLE]
[12 dic 2016 22:27:32]   Found primary key column: utente_registrato_oid
[12 dic 2016 22:27:32] Retrieving columns for 'group' [type = TABLE]
[12 dic 2016 22:27:32]   Found column: oid [type = INT][SQL/XOPEN type = 4][size = 10][dec. digits = 0]
[12 dic 2016 22:27:32]   Found column: groupname [type = VARCHAR][SQL/XOPEN type = 12][size = 255][dec. digits = 0]
[12 dic 2016 22:27:32]   Found column: module_oid [type = INT][SQL/XOPEN type = 4][size = 10][dec. digits = 0]
[12 dic 2016 22:27:32] Retrieving primary keys for 'group' [type = TABLE]
[12 dic 2016 22:27:32]   Found primary key column: oid
[12 dic 2016 22:27:32] Retrieving columns for 'group_module' [type = TABLE]
[12 dic 2016 22:27:32]   Found column: group_oid [type = INT][SQL/XOPEN type = 4][size = 10][dec. digits = 0]
[12 dic 2016 22:27:32]   Found column: module_oid [type = INT][SQL/XOPEN type = 4][size = 10][dec. digits = 0]
[12 dic 2016 22:27:32] Retrieving primary keys for 'group_module' [type = TABLE]
[12 dic 2016 22:27:32]   Found primary key column: group_oid
[12 dic 2016 22:27:32]   Found primary key column: module_oid
[12 dic 2016 22:27:32] Retrieving columns for 'indirizzo' [type = TABLE]
[12 dic 2016 22:27:32]   Found column: oid [type = INT][SQL/XOPEN type = 4][size = 10][dec. digits = 0]
[12 dic 2016 22:27:32]   Found column: via [type = VARCHAR][SQL/XOPEN type = 12][size = 255][dec. digits = 0]
[12 dic 2016 22:27:32]   Found column: numero_civico [type = VARCHAR][SQL/XOPEN type = 12][size = 255][dec. digits = 0]
[12 dic 2016 22:27:32]   Found column: cap [type = VARCHAR][SQL/XOPEN type = 12][size = 255][dec. digits = 0]
[12 dic 2016 22:27:32]   Found column: citta [type = VARCHAR][SQL/XOPEN type = 12][size = 255][dec. digits = 0]
[12 dic 2016 22:27:32]   Found column: provincia [type = VARCHAR][SQL/XOPEN type = 12][size = 255][dec. digits = 0]
[12 dic 2016 22:27:32]   Found column: stato [type = VARCHAR][SQL/XOPEN type = 12][size = 255][dec. digits = 0]
[12 dic 2016 22:27:32]   Found column: primario [type = BIT][SQL/XOPEN type = -7][size = 1][dec. digits = 0]
[12 dic 2016 22:27:32]   Found column: indirizzo [type = VARCHAR][SQL/XOPEN type = 12][size = 255][dec. digits = 0]
[12 dic 2016 22:27:32]   Found column: catena_negozi_oid [type = INT][SQL/XOPEN type = 4][size = 10][dec. digits = 0]
[12 dic 2016 22:27:32] Retrieving primary keys for 'indirizzo' [type = TABLE]
[12 dic 2016 22:27:32]   Found primary key column: oid
[12 dic 2016 22:27:32] Retrieving columns for 'module' [type = TABLE]
[12 dic 2016 22:27:32]   Found column: oid [type = INT][SQL/XOPEN type = 4][size = 10][dec. digits = 0]
[12 dic 2016 22:27:32]   Found column: moduleid [type = VARCHAR][SQL/XOPEN type = 12][size = 255][dec. digits = 0]
[12 dic 2016 22:27:32]   Found column: modulename [type = VARCHAR][SQL/XOPEN type = 12][size = 255][dec. digits = 0]
[12 dic 2016 22:27:32] Retrieving primary keys for 'module' [type = TABLE]
[12 dic 2016 22:27:32]   Found primary key column: oid
[12 dic 2016 22:27:32] Retrieving columns for 'negozio' [type = TABLE]
[12 dic 2016 22:27:32]   Found column: oid [type = INT][SQL/XOPEN type = 4][size = 10][dec. digits = 0]
[12 dic 2016 22:27:32]   Found column: nome [type = VARCHAR][SQL/XOPEN type = 12][size = 255][dec. digits = 0]
[12 dic 2016 22:27:32]   Found column: data_apertura [type = DATE][SQL/XOPEN type = 91][size = 10][dec. digits = 0]
[12 dic 2016 22:27:32]   Found column: dimensione [type = INT][SQL/XOPEN type = 4][size = 10][dec. digits = 0]
[12 dic 2016 22:27:32]   Found column: numero_telefono [type = VARCHAR][SQL/XOPEN type = 12][size = 255][dec. digits = 0]
[12 dic 2016 22:27:32]   Found column: fax [type = VARCHAR][SQL/XOPEN type = 12][size = 255][dec. digits = 0]
[12 dic 2016 22:27:32]   Found column: email [type = VARCHAR][SQL/XOPEN type = 12][size = 255][dec. digits = 0]
[12 dic 2016 22:27:32]   Found column: catena_negozi_oid [type = INT][SQL/XOPEN type = 4][size = 10][dec. digits = 0]
[12 dic 2016 22:27:32]   Found column: indirizzo_oid [type = INT][SQL/XOPEN type = 4][size = 10][dec. digits = 0]
[12 dic 2016 22:27:32]   Found column: zona_oid [type = INT][SQL/XOPEN type = 4][size = 10][dec. digits = 0]
[12 dic 2016 22:27:32]   Found column: gestore_singolo_negozio_oid [type = INT][SQL/XOPEN type = 4][size = 10][dec. digits = 0]
[12 dic 2016 22:27:32]   Found column: sala_prove_oid [type = INT][SQL/XOPEN type = 4][size = 10][dec. digits = 0]
[12 dic 2016 22:27:32]   Found column: catalogo_base_oid [type = INT][SQL/XOPEN type = 4][size = 10][dec. digits = 0]
[12 dic 2016 22:27:32] Retrieving primary keys for 'negozio' [type = TABLE]
[12 dic 2016 22:27:32]   Found primary key column: oid
[12 dic 2016 22:27:32] Retrieving columns for 'negozio_catalogo' [type = TABLE]
[12 dic 2016 22:27:32]   Found column: negozio_oid [type = INT][SQL/XOPEN type = 4][size = 10][dec. digits = 0]
[12 dic 2016 22:27:32]   Found column: catalogo_oid [type = INT][SQL/XOPEN type = 4][size = 10][dec. digits = 0]
[12 dic 2016 22:27:32] Retrieving primary keys for 'negozio_catalogo' [type = TABLE]
[12 dic 2016 22:27:32]   Found primary key column: negozio_oid
[12 dic 2016 22:27:32]   Found primary key column: catalogo_oid
[12 dic 2016 22:27:32] Retrieving columns for 'periodo' [type = TABLE]
[12 dic 2016 22:27:32]   Found column: oid [type = INT][SQL/XOPEN type = 4][size = 10][dec. digits = 0]
[12 dic 2016 22:27:32]   Found column: mese [type = VARCHAR][SQL/XOPEN type = 12][size = 255][dec. digits = 0]
[12 dic 2016 22:27:32] Retrieving primary keys for 'periodo' [type = TABLE]
[12 dic 2016 22:27:32]   Found primary key column: oid
[12 dic 2016 22:27:32] Retrieving columns for 'prenotazione' [type = TABLE]
[12 dic 2016 22:27:32]   Found column: oid [type = INT][SQL/XOPEN type = 4][size = 10][dec. digits = 0]
[12 dic 2016 22:27:32]   Found column: data_inizio [type = DATETIME][SQL/XOPEN type = 93][size = 19][dec. digits = 0]
[12 dic 2016 22:27:32]   Found column: data_fine [type = DATETIME][SQL/XOPEN type = 93][size = 19][dec. digits = 0]
[12 dic 2016 22:27:32]   Found column: negozio_oid [type = INT][SQL/XOPEN type = 4][size = 10][dec. digits = 0]
[12 dic 2016 22:27:32]   Found column: gestore_singolo_negozio_oid [type = INT][SQL/XOPEN type = 4][size = 10][dec. digits = 0]
[12 dic 2016 22:27:32]   Found column: cliente_oid [type = INT][SQL/XOPEN type = 4][size = 10][dec. digits = 0]
[12 dic 2016 22:27:32]   Found column: acquisto_oid [type = INT][SQL/XOPEN type = 4][size = 10][dec. digits = 0]
[12 dic 2016 22:27:32]   Found column: evento_oid [type = INT][SQL/XOPEN type = 4][size = 10][dec. digits = 0]
[12 dic 2016 22:27:32]   Found column: sala_prove_oid [type = INT][SQL/XOPEN type = 4][size = 10][dec. digits = 0]
[12 dic 2016 22:27:32] Retrieving primary keys for 'prenotazione' [type = TABLE]
[12 dic 2016 22:27:32]   Found primary key column: oid
[12 dic 2016 22:27:32] Retrieving columns for 'prenotazione_noleggio_prodotto' [type = TABLE]
[12 dic 2016 22:27:32]   Found column: prenotazione_oid [type = INT][SQL/XOPEN type = 4][size = 10][dec. digits = 0]
[12 dic 2016 22:27:32]   Found column: cauzione [type = VARCHAR][SQL/XOPEN type = 12][size = 255][dec. digits = 0]
[12 dic 2016 22:27:32] Retrieving primary keys for 'prenotazione_noleggio_prodotto' [type = TABLE]
[12 dic 2016 22:27:32]   Found primary key column: prenotazione_oid
[12 dic 2016 22:27:32] Retrieving columns for 'prenotazione_prodotto' [type = TABLE]
[12 dic 2016 22:27:32]   Found column: prenotazione_noleggio_prodotto [type = INT][SQL/XOPEN type = 4][size = 10][dec. digits = 0]
[12 dic 2016 22:27:32]   Found column: prodotto_oid [type = INT][SQL/XOPEN type = 4][size = 10][dec. digits = 0]
[12 dic 2016 22:27:32] Retrieving primary keys for 'prenotazione_prodotto' [type = TABLE]
[12 dic 2016 22:27:32]   Found primary key column: prenotazione_noleggio_prodotto
[12 dic 2016 22:27:32]   Found primary key column: prodotto_oid
[12 dic 2016 22:27:32] Retrieving columns for 'prodotto' [type = TABLE]
[12 dic 2016 22:27:32]   Found column: oid [type = INT][SQL/XOPEN type = 4][size = 10][dec. digits = 0]
[12 dic 2016 22:27:32]   Found column: nome_modello [type = VARCHAR][SQL/XOPEN type = 12][size = 255][dec. digits = 0]
[12 dic 2016 22:27:32]   Found column: data_produzione [type = DATE][SQL/XOPEN type = 91][size = 10][dec. digits = 0]
[12 dic 2016 22:27:32]   Found column: luogo_produzione [type = VARCHAR][SQL/XOPEN type = 12][size = 255][dec. digits = 0]
[12 dic 2016 22:27:32]   Found column: prezzo [type = DOUBLE][SQL/XOPEN type = 8][size = 22][dec. digits = 0]
[12 dic 2016 22:27:32]   Found column: usato [type = BIT][SQL/XOPEN type = -7][size = 1][dec. digits = 0]
[12 dic 2016 22:27:32]   Found column: percentuale_sconto [type = INT][SQL/XOPEN type = 4][size = 10][dec. digits = 0]
[12 dic 2016 22:27:32]   Found column: categoria_prodotto_oid [type = INT][SQL/XOPEN type = 4][size = 10][dec. digits = 0]
[12 dic 2016 22:27:32]   Found column: produttore_oid [type = INT][SQL/XOPEN type = 4][size = 10][dec. digits = 0]
[12 dic 2016 22:27:32]   Found column: tipo_prodotto_oid [type = INT][SQL/XOPEN type = 4][size = 10][dec. digits = 0]
[12 dic 2016 22:27:32] Retrieving primary keys for 'prodotto' [type = TABLE]
[12 dic 2016 22:27:32]   Found primary key column: oid
[12 dic 2016 22:27:32] Retrieving columns for 'produttore' [type = TABLE]
[12 dic 2016 22:27:32]   Found column: oid [type = INT][SQL/XOPEN type = 4][size = 10][dec. digits = 0]
[12 dic 2016 22:27:32]   Found column: nome [type = VARCHAR][SQL/XOPEN type = 12][size = 255][dec. digits = 0]
[12 dic 2016 22:27:32] Retrieving primary keys for 'produttore' [type = TABLE]
[12 dic 2016 22:27:32]   Found primary key column: oid
[12 dic 2016 22:27:32] Retrieving columns for 'recensione' [type = TABLE]
[12 dic 2016 22:27:32]   Found column: oid [type = INT][SQL/XOPEN type = 4][size = 10][dec. digits = 0]
[12 dic 2016 22:27:32]   Found column: numero_stelle [type = INT][SQL/XOPEN type = 4][size = 10][dec. digits = 0]
[12 dic 2016 22:27:32]   Found column: recensione [type = LONGTEXT][SQL/XOPEN type = -1][size = 2147483647][dec. digits = 0]
[12 dic 2016 22:27:32]   Found column: data [type = DATETIME][SQL/XOPEN type = 93][size = 19][dec. digits = 0]
[12 dic 2016 22:27:32]   Found column: tipo [type = VARCHAR][SQL/XOPEN type = 12][size = 255][dec. digits = 0]
[12 dic 2016 22:27:32]   Found column: cliente_oid [type = INT][SQL/XOPEN type = 4][size = 10][dec. digits = 0]
[12 dic 2016 22:27:32] Retrieving primary keys for 'recensione' [type = TABLE]
[12 dic 2016 22:27:32]   Found primary key column: oid
[12 dic 2016 22:27:32] Retrieving columns for 'sala_prove' [type = TABLE]
[12 dic 2016 22:27:32]   Found column: oid [type = INT][SQL/XOPEN type = 4][size = 10][dec. digits = 0]
[12 dic 2016 22:27:32]   Found column: prezzo_orario [type = DOUBLE][SQL/XOPEN type = 8][size = 22][dec. digits = 0]
[12 dic 2016 22:27:32]   Found column: dimensione_stanza [type = INT][SQL/XOPEN type = 4][size = 10][dec. digits = 0]
[12 dic 2016 22:27:32] Retrieving primary keys for 'sala_prove' [type = TABLE]
[12 dic 2016 22:27:32]   Found primary key column: oid
[12 dic 2016 22:27:32] Retrieving columns for 'tipo_evento' [type = TABLE]
[12 dic 2016 22:27:32]   Found column: oid [type = INT][SQL/XOPEN type = 4][size = 10][dec. digits = 0]
[12 dic 2016 22:27:32]   Found column: nome_tipologia_evento [type = VARCHAR][SQL/XOPEN type = 12][size = 255][dec. digits = 0]
[12 dic 2016 22:27:32] Retrieving primary keys for 'tipo_evento' [type = TABLE]
[12 dic 2016 22:27:32]   Found primary key column: oid
[12 dic 2016 22:27:32] Retrieving columns for 'tipo_prodotto' [type = TABLE]
[12 dic 2016 22:27:32]   Found column: oid [type = INT][SQL/XOPEN type = 4][size = 10][dec. digits = 0]
[12 dic 2016 22:27:32]   Found column: nome [type = VARCHAR][SQL/XOPEN type = 12][size = 255][dec. digits = 0]
[12 dic 2016 22:27:32]   Found column: categoria_prodotto_oid [type = INT][SQL/XOPEN type = 4][size = 10][dec. digits = 0]
[12 dic 2016 22:27:32] Retrieving primary keys for 'tipo_prodotto' [type = TABLE]
[12 dic 2016 22:27:32]   Found primary key column: oid
[12 dic 2016 22:27:32] Retrieving columns for 'user_group' [type = TABLE]
[12 dic 2016 22:27:32]   Found column: utente_registrato_oid [type = INT][SQL/XOPEN type = 4][size = 10][dec. digits = 0]
[12 dic 2016 22:27:32]   Found column: group_oid [type = INT][SQL/XOPEN type = 4][size = 10][dec. digits = 0]
[12 dic 2016 22:27:32] Retrieving primary keys for 'user_group' [type = TABLE]
[12 dic 2016 22:27:32]   Found primary key column: utente_registrato_oid
[12 dic 2016 22:27:32]   Found primary key column: group_oid
[12 dic 2016 22:27:32] Retrieving columns for 'utente_registrato' [type = TABLE]
[12 dic 2016 22:27:32]   Found column: oid [type = INT][SQL/XOPEN type = 4][size = 10][dec. digits = 0]
[12 dic 2016 22:27:32]   Found column: username [type = VARCHAR][SQL/XOPEN type = 12][size = 255][dec. digits = 0]
[12 dic 2016 22:27:32]   Found column: password [type = VARCHAR][SQL/XOPEN type = 12][size = 255][dec. digits = 0]
[12 dic 2016 22:27:32]   Found column: e_mail [type = VARCHAR][SQL/XOPEN type = 12][size = 255][dec. digits = 0]
[12 dic 2016 22:27:32]   Found column: nome [type = VARCHAR][SQL/XOPEN type = 12][size = 255][dec. digits = 0]
[12 dic 2016 22:27:32]   Found column: cognome [type = VARCHAR][SQL/XOPEN type = 12][size = 255][dec. digits = 0]
[12 dic 2016 22:27:32]   Found column: data_nascita [type = DATE][SQL/XOPEN type = 91][size = 10][dec. digits = 0]
[12 dic 2016 22:27:32]   Found column: data_registrazione [type = DATE][SQL/XOPEN type = 91][size = 10][dec. digits = 0]
[12 dic 2016 22:27:32]   Found column: numero_telefono [type = VARCHAR][SQL/XOPEN type = 12][size = 255][dec. digits = 0]
[12 dic 2016 22:27:32]   Found column: group_oid [type = INT][SQL/XOPEN type = 4][size = 10][dec. digits = 0]
[12 dic 2016 22:27:32]   Found column: indirizzo_oid [type = INT][SQL/XOPEN type = 4][size = 10][dec. digits = 0]
[12 dic 2016 22:27:32] Retrieving primary keys for 'utente_registrato' [type = TABLE]
[12 dic 2016 22:27:32]   Found primary key column: oid
[12 dic 2016 22:27:32] Retrieving columns for 'valutazione_negozio' [type = TABLE]
[12 dic 2016 22:27:32]   Found column: recensione_oid [type = INT][SQL/XOPEN type = 4][size = 10][dec. digits = 0]
[12 dic 2016 22:27:32]   Found column: negozio_oid [type = INT][SQL/XOPEN type = 4][size = 10][dec. digits = 0]
[12 dic 2016 22:27:32] Retrieving primary keys for 'valutazione_negozio' [type = TABLE]
[12 dic 2016 22:27:32]   Found primary key column: recensione_oid
[12 dic 2016 22:27:32]   Found primary key column: negozio_oid
[12 dic 2016 22:27:32] Retrieving columns for 'valutazione_prodotto' [type = TABLE]
[12 dic 2016 22:27:32]   Found column: recensione_oid [type = INT][SQL/XOPEN type = 4][size = 10][dec. digits = 0]
[12 dic 2016 22:27:32]   Found column: prodotto_oid [type = INT][SQL/XOPEN type = 4][size = 10][dec. digits = 0]
[12 dic 2016 22:27:32] Retrieving primary keys for 'valutazione_prodotto' [type = TABLE]
[12 dic 2016 22:27:32]   Found primary key column: recensione_oid
[12 dic 2016 22:27:32]   Found primary key column: prodotto_oid
[12 dic 2016 22:27:32] Retrieving columns for 'zona' [type = TABLE]
[12 dic 2016 22:27:32]   Found column: oid [type = INT][SQL/XOPEN type = 4][size = 10][dec. digits = 0]
[12 dic 2016 22:27:32]   Found column: provincia [type = VARCHAR][SQL/XOPEN type = 12][size = 255][dec. digits = 0]
[12 dic 2016 22:27:32] Retrieving primary keys for 'zona' [type = TABLE]
[12 dic 2016 22:27:32]   Found primary key column: oid
[12 dic 2016 22:27:32] Retrieving columns for 'migliori_negozi_view' [type = VIEW]
[12 dic 2016 22:27:32]   Found column: oid [type = INT][SQL/XOPEN type = 4][size = 10][dec. digits = 0]
[12 dic 2016 22:27:32] Retrieving primary keys for 'migliori_negozi_view' [type = VIEW]
[12 dic 2016 22:27:32] Retrieving columns for 'migliori_prodotti_view' [type = VIEW]
[12 dic 2016 22:27:32]   Found column: oid [type = INT][SQL/XOPEN type = 4][size = 10][dec. digits = 0]
[12 dic 2016 22:27:32] Retrieving primary keys for 'migliori_prodotti_view' [type = VIEW]
[12 dic 2016 22:27:32] Retrieving columns for 'negoziotorecensione_view' [type = VIEW]
[12 dic 2016 22:27:32]   Found column: s_oid [type = INT][SQL/XOPEN type = 4][size = 10][dec. digits = 0]
[12 dic 2016 22:27:32]   Found column: t_oid [type = INT][SQL/XOPEN type = 4][size = 10][dec. digits = 0]
[12 dic 2016 22:27:32] Retrieving primary keys for 'negoziotorecensione_view' [type = VIEW]
[12 dic 2016 22:27:32] Retrieving columns for 'prodottotorecensione_view' [type = VIEW]
[12 dic 2016 22:27:33]   Found column: s_oid [type = INT][SQL/XOPEN type = 4][size = 10][dec. digits = 0]
[12 dic 2016 22:27:33]   Found column: t_oid [type = INT][SQL/XOPEN type = 4][size = 10][dec. digits = 0]
[12 dic 2016 22:27:33] Retrieving primary keys for 'prodottotorecensione_view' [type = VIEW]
[12 dic 2016 22:27:33] Retrieving columns for 'utente_registrato_indirizzo_pr' [type = VIEW]
[12 dic 2016 22:27:33]   Found column: oid [type = INT][SQL/XOPEN type = 4][size = 10][dec. digits = 0]
[12 dic 2016 22:27:33]   Found column: der_attr [type = VARCHAR][SQL/XOPEN type = 12][size = 255][dec. digits = 0]
[12 dic 2016 22:27:33] Retrieving primary keys for 'utente_registrato_indirizzo_pr' [type = VIEW]
[12 dic 2016 22:27:33] Database metadata retrieved (659 ms)
[12 dic 2016 22:27:33] Retrieving auto-increment columns for 'acquisto' [type = TABLE]
[12 dic 2016 22:27:33] Retrieving auto-increment columns for 'acquisto_prodotto' [type = TABLE]
[12 dic 2016 22:27:33] Retrieving auto-increment columns for 'carta_di_credito' [type = TABLE]
[12 dic 2016 22:27:33] Retrieving auto-increment columns for 'catalogo' [type = TABLE]
[12 dic 2016 22:27:33] Retrieving auto-increment columns for 'catalogo_base' [type = TABLE]
[12 dic 2016 22:27:33] Retrieving auto-increment columns for 'catalogo_categoria_prodotto' [type = TABLE]
[12 dic 2016 22:27:33] Retrieving auto-increment columns for 'catalogo_prodotto' [type = TABLE]
[12 dic 2016 22:27:33] Retrieving auto-increment columns for 'catalogo_specifico' [type = TABLE]
[12 dic 2016 22:27:33] Retrieving auto-increment columns for 'categoria_prodotto' [type = TABLE]
[12 dic 2016 22:27:33] Retrieving auto-increment columns for 'categoriaprodottocatalogobase' [type = TABLE]
[12 dic 2016 22:27:33] Retrieving auto-increment columns for 'catena_negozi' [type = TABLE]
[12 dic 2016 22:27:33] Retrieving auto-increment columns for 'cliente' [type = TABLE]
[12 dic 2016 22:27:33] Retrieving auto-increment columns for 'evento' [type = TABLE]
[12 dic 2016 22:27:33] Retrieving auto-increment columns for 'evento_tipo_evento' [type = TABLE]
[12 dic 2016 22:27:33] Retrieving auto-increment columns for 'gestore_catena' [type = TABLE]
[12 dic 2016 22:27:33] Retrieving auto-increment columns for 'gestore_singolo_negozio' [type = TABLE]
[12 dic 2016 22:27:33] Retrieving auto-increment columns for 'group' [type = TABLE]
[12 dic 2016 22:27:33] Retrieving auto-increment columns for 'group_module' [type = TABLE]
[12 dic 2016 22:27:33] Retrieving auto-increment columns for 'indirizzo' [type = TABLE]
[12 dic 2016 22:27:33] Retrieving auto-increment columns for 'module' [type = TABLE]
[12 dic 2016 22:27:33] Retrieving auto-increment columns for 'negozio' [type = TABLE]
[12 dic 2016 22:27:33] Retrieving auto-increment columns for 'negozio_catalogo' [type = TABLE]
[12 dic 2016 22:27:33] Retrieving auto-increment columns for 'periodo' [type = TABLE]
[12 dic 2016 22:27:33] Retrieving auto-increment columns for 'prenotazione' [type = TABLE]
[12 dic 2016 22:27:33] Retrieving auto-increment columns for 'prenotazione_noleggio_prodotto' [type = TABLE]
[12 dic 2016 22:27:33] Retrieving auto-increment columns for 'prenotazione_prodotto' [type = TABLE]
[12 dic 2016 22:27:33] Retrieving auto-increment columns for 'prodotto' [type = TABLE]
[12 dic 2016 22:27:33] Retrieving auto-increment columns for 'produttore' [type = TABLE]
[12 dic 2016 22:27:33] Retrieving auto-increment columns for 'recensione' [type = TABLE]
[12 dic 2016 22:27:33] Retrieving auto-increment columns for 'sala_prove' [type = TABLE]
[12 dic 2016 22:27:33] Retrieving auto-increment columns for 'tipo_evento' [type = TABLE]
[12 dic 2016 22:27:33] Retrieving auto-increment columns for 'tipo_prodotto' [type = TABLE]
[12 dic 2016 22:27:33] Retrieving auto-increment columns for 'user_group' [type = TABLE]
[12 dic 2016 22:27:33] Retrieving auto-increment columns for 'utente_registrato' [type = TABLE]
[12 dic 2016 22:27:33] Retrieving auto-increment columns for 'valutazione_negozio' [type = TABLE]
[12 dic 2016 22:27:33] Retrieving auto-increment columns for 'valutazione_prodotto' [type = TABLE]
[12 dic 2016 22:27:33] Retrieving auto-increment columns for 'zona' [type = TABLE]
[12 dic 2016 22:27:33] Retrieving auto-increment columns for 'migliori_negozi_view' [type = VIEW]
[12 dic 2016 22:27:33] Retrieving auto-increment columns for 'migliori_prodotti_view' [type = VIEW]
[12 dic 2016 22:27:33] Retrieving auto-increment columns for 'negoziotorecensione_view' [type = VIEW]
[12 dic 2016 22:27:33] Retrieving auto-increment columns for 'prodottotorecensione_view' [type = VIEW]
[12 dic 2016 22:27:33] Retrieving auto-increment columns for 'utente_registrato_indirizzo_pr' [type = VIEW]
[12 dic 2016 22:27:33] Database connection closed
